<?xml version="1.0" encoding="UTF-8"?>
<!-- Generated by org.testng.reporters.JUnitReportReporter -->
<testsuite hostname="DESKTOP-6DELK5O" failures="0" tests="1" name="tests.AccountTest" time="38.207" errors="0" timestamp="2022-01-12T17:26:29 IST" skipped="0">
  <testcase classname="tests.AccountTest" name="isExist" time="38.207"/>
  <system-out/>
</testsuite> <!-- tests.AccountTest -->
