<?xml version="1.0" encoding="UTF-8"?>
<!-- Generated by org.testng.reporters.JUnitReportReporter -->
<testsuite hostname="DESKTOP-6DELK5O" failures="0" tests="1" name="tests.SpecificFormPageTest" time="46.824" errors="0" timestamp="2022-01-12T17:26:29 IST" skipped="0">
  <testcase classname="tests.SpecificFormPageTest" name="currentPage" time="46.824"/>
  <system-out/>
</testsuite> <!-- tests.SpecificFormPageTest -->
