<?xml version="1.0" encoding="UTF-8"?>
<!-- Generated by org.testng.reporters.JUnitReportReporter -->
<testsuite hostname="DESKTOP-6DELK5O" failures="0" tests="1" name="tests.ViewMyFormsTest" time="27.281" errors="0" timestamp="2022-01-12T17:26:29 IST" skipped="0">
  <testcase classname="tests.ViewMyFormsTest" name="dropDownFail" time="27.281"/>
  <system-out/>
</testsuite> <!-- tests.ViewMyFormsTest -->
