<?xml version="1.0" encoding="UTF-8"?>
<!-- Generated by org.testng.reporters.JUnitReportReporter -->
<testsuite skipped="0" hostname="DESKTOP-6DELK5O" name="tests.ViewMyFormsTest" tests="1" failures="0" timestamp="30 Jan 2022 09:31:12 GMT" time="9.303" errors="0">
  <testcase name="dropDownFail" time="9.303" classname="tests.ViewMyFormsTest"/>
</testsuite> <!-- tests.ViewMyFormsTest -->
