<?xml version="1.0" encoding="UTF-8"?>
<!-- Generated by org.testng.reporters.JUnitReportReporter -->
<testsuite skipped="0" hostname="DESKTOP-6DELK5O" name="tests.SpecificFormPageTest" tests="1" failures="0" timestamp="30 Jan 2022 09:31:12 GMT" time="20.368" errors="0">
  <testcase name="currentPage" time="20.368" classname="tests.SpecificFormPageTest"/>
</testsuite> <!-- tests.SpecificFormPageTest -->
